<?xml version="1.0" encoding="UTF-8"?>
<!-- Generated by org.testng.reporters.JUnitReportReporter -->
<testsuite hostname="DESKTOP-ST8DS5J" failures="0" tests="1" name="api.utilities.DataProviderClass" time="1.022" errors="0" timestamp="2023-05-11T16:11:01 IST" skipped="0">
  <testcase classname="api.utilities.DataProviderClass" name="readDataUsingDataProvider" time="1.022"/>
  <system-out/>
</testsuite> <!-- api.utilities.DataProviderClass -->
