<?xml version="1.0" encoding="UTF-8"?>
<!-- Generated by org.testng.reporters.JUnitReportReporter -->
<testsuite hostname="DESKTOP-ST8DS5J" failures="0" tests="4" name="api.test.DDT" time="3.440" errors="0" timestamp="2023-05-11T16:47:53 IST" skipped="0">
  <testcase classname="api.test.DDT" name="dataDrivenTest" time="3.135"/>
  <system-out/>
  <testcase classname="api.test.DDT" name="dataDrivenTest" time="0.091"/>
  <system-out/>
  <testcase classname="api.test.DDT" name="dataDrivenTest" time="0.100"/>
  <system-out/>
  <testcase classname="api.test.DDT" name="dataDrivenTest" time="0.114"/>
  <system-out/>
</testsuite> <!-- api.test.DDT -->
