<?xml version="1.0" encoding="UTF-8"?>
<!-- Generated by org.testng.reporters.JUnitReportReporter -->
<testsuite hostname="DESKTOP-ST8DS5J" failures="0" tests="1" name="api.test.UserTestUsingPropertyFile" time="3.294" errors="0" timestamp="2023-05-11T17:15:40 IST" skipped="0">
  <testcase classname="api.test.UserTestUsingPropertyFile" name="create" time="3.294"/>
  <system-out/>
</testsuite> <!-- api.test.UserTestUsingPropertyFile -->
