<?xml version="1.0" encoding="UTF-8"?>
<!-- Generated by org.testng.reporters.JUnitReportReporter -->
<testsuite hostname="DESKTOP-ST8DS5J" failures="0" tests="5" name="api.test.UserTests" time="4.770" errors="0" timestamp="2023-05-11T13:06:10 IST" skipped="0">
  <testcase classname="api.test.UserTests" name="testCreateProject" time="4.183"/>
  <system-out/>
  <testcase classname="api.test.UserTests" name="testGetAllProject" time="0.368"/>
  <system-out/>
  <testcase classname="api.test.UserTests" name="testGetSingleproject" time="0.076"/>
  <system-out/>
  <testcase classname="api.test.UserTests" name="testUpdateProject" time="0.046"/>
  <system-out/>
  <testcase classname="api.test.UserTests" name="testDeleteProject" time="0.097"/>
  <system-out/>
</testsuite> <!-- api.test.UserTests -->
